Welcome to Walnut! Type "help;" to see all available commands.

[Walnut]$ eval init "?msd_pell Ai,j1,j2,k Dequipell[i][j1][j2][k][0]=@-1 | Dequipell[i][j1][j2][k][0]=@0 | Dequipell[i][j1][j2][k][0]=@1":
computed ~:1 states - 11ms
Dequipell[i][j1][j2][k][0]=@-1:38 states - 2526ms
 Dequipell[i][j1][j2][k][0]=@0:61 states - 7859ms
  (Dequipell[i][j1][j2][k][0]=@-1|Dequipell[i][j1][j2][k][0]=@0):63 states - 32ms
   Dequipell[i][j1][j2][k][0]=@1:38 states - 1910ms
    ((Dequipell[i][j1][j2][k][0]=@-1|Dequipell[i][j1][j2][k][0]=@0)|Dequipell[i][j1][j2][k][0]=@1):16 states - 24ms
     (A i , j1 , j2 , k ((Dequipell[i][j1][j2][k][0]=@-1|Dequipell[i][j1][j2][k][0]=@0)|Dequipell[i][j1][j2][k][0]=@1)):1 states - 8ms
Total computation time: 12381ms.
____
TRUE
eval initXX "?msd_pell Ai,j1,j2,k ($feq_pell(i,j1,k) <=> $feq_pell(i,j2,k)) <=> Dequipell[i][j1][j2][k][0]=@0":
(feq_pell(i,j1,k))<=>feq_pell(i,j2,k))):87 states - 26ms
 Dequipell[i][j1][j2][k][0]=@0:61 states - 7370ms
  ((feq_pell(i,j1,k))<=>feq_pell(i,j2,k)))<=>Dequipell[i][j1][j2][k][0]=@0):16 states - 18ms
   (A i , j1 , j2 , k ((feq_pell(i,j1,k))<=>feq_pell(i,j2,k)))<=>Dequipell[i][j1][j2][k][0]=@0)):1 states - 4ms
Total computation time: 7421ms.
____
TRUE
eval initTF "?msd_pell Ai,j1,j2,k ($feq_pell(i,j1,k) & ~$feq_pell(i,j2,k)) <=> Dequipell[i][j1][j2][k][0]=@1":
~feq_pell(i,j2,k)):23 states - 1ms
 (feq_pell(i,j1,k))&~feq_pell(i,j2,k))):38 states - 2ms
  Dequipell[i][j1][j2][k][0]=@1:38 states - 2176ms
   ((feq_pell(i,j1,k))&~feq_pell(i,j2,k)))<=>Dequipell[i][j1][j2][k][0]=@1):16 states - 15ms
    (A i , j1 , j2 , k ((feq_pell(i,j1,k))&~feq_pell(i,j2,k)))<=>Dequipell[i][j1][j2][k][0]=@1)):1 states - 3ms
Total computation time: 2199ms.
____
TRUE
eval initFT "?msd_pell Ai,j1,j2,k (~$feq_pell(i,j1,k) & $feq_pell(i,j2,k)) <=> Dequipell[i][j1][j2][k][0]=@-1":
~feq_pell(i,j1,k)):23 states - 2ms
 (~feq_pell(i,j1,k))&feq_pell(i,j2,k))):38 states - 1ms
  Dequipell[i][j1][j2][k][0]=@-1:38 states - 2186ms
   ((~feq_pell(i,j1,k))&feq_pell(i,j2,k)))<=>Dequipell[i][j1][j2][k][0]=@-1):16 states - 10ms
    (A i , j1 , j2 , k ((~feq_pell(i,j1,k))&feq_pell(i,j2,k)))<=>Dequipell[i][j1][j2][k][0]=@-1)):1 states - 3ms
Total computation time: 2202ms.
____
TRUE
def increase "?msd_pell (Dequipell[i][j1][j2][k][n]=@-3 & Dequipell[i][j1][j2][k][n+1]=@-2) | (Dequipell[i][j1][j2][k][n]=@-2 & Dequipell[i][j1][j2][k][n+1]=@-1) | (Dequipell[i][j1][j2][k][n]=@-1 & Dequipell[i][j1][j2][k][n+1]=@0) | (Dequipell[i][j1][j2][k][n]=@0 & Dequipell[i][j1][j2][k][n+1]=@1) | (Dequipell[i][j1][j2][k][n]=@1 & Dequipell[i][j1][j2][k][n+1]=@2) | (Dequipell[i][j1][j2][k][n]=@2 & Dequipell[i][j1][j2][k][n+1]=@3)":
Dequipell[i][j1][j2][k][n]=@-3:1582 states - 1363ms
computed ~:1 states - 1ms
computed ~:2 states - 1ms
 Dequipell[i][j1][j2][k][(n+1)]=@-2:5268 states - 3203ms
  (Dequipell[i][j1][j2][k][n]=@-3&Dequipell[i][j1][j2][k][(n+1)]=@-2):648 states - 261ms
   Dequipell[i][j1][j2][k][n]=@-2:5000 states - 2164ms
    Dequipell[i][j1][j2][k][(n+1)]=@-1:12144 states - 8895ms
     (Dequipell[i][j1][j2][k][n]=@-2&Dequipell[i][j1][j2][k][(n+1)]=@-1):1630 states - 1084ms
      ((Dequipell[i][j1][j2][k][n]=@-3&Dequipell[i][j1][j2][k][(n+1)]=@-2)|(Dequipell[i][j1][j2][k][n]=@-2&Dequipell[i][j1][j2][k][(n+1)]=@-1)):1500 states - 2682ms
       Dequipell[i][j1][j2][k][n]=@-1:11469 states - 3629ms
        Dequipell[i][j1][j2][k][(n+1)]=@0:16523 states - 30084ms
         (Dequipell[i][j1][j2][k][n]=@-1&Dequipell[i][j1][j2][k][(n+1)]=@0):2941 states - 4697ms
          (((Dequipell[i][j1][j2][k][n]=@-3&Dequipell[i][j1][j2][k][(n+1)]=@-2)|(Dequipell[i][j1][j2][k][n]=@-2&Dequipell[i][j1][j2][k][(n+1)]=@-1))|(Dequipell[i][j1][j2][k][n]=@-1&Dequipell[i][j1][j2][k][(n+1)]=@0)):2463 states - 4447ms
           Dequipell[i][j1][j2][k][n]=@0:15808 states - 13674ms
            Dequipell[i][j1][j2][k][(n+1)]=@1:12144 states - 7612ms
             (Dequipell[i][j1][j2][k][n]=@0&Dequipell[i][j1][j2][k][(n+1)]=@1):2764 states - 5429ms
              ((((Dequipell[i][j1][j2][k][n]=@-3&Dequipell[i][j1][j2][k][(n+1)]=@-2)|(Dequipell[i][j1][j2][k][n]=@-2&Dequipell[i][j1][j2][k][(n+1)]=@-1))|(Dequipell[i][j1][j2][k][n]=@-1&Dequipell[i][j1][j2][k][(n+1)]=@0))|(Dequipell[i][j1][j2][k][n]=@0&Dequipell[i][j1][j2][k][(n+1)]=@1)):2142 states - 6063ms
               Dequipell[i][j1][j2][k][n]=@1:11469 states - 3133ms
                Dequipell[i][j1][j2][k][(n+1)]=@2:5268 states - 3254ms
                 (Dequipell[i][j1][j2][k][n]=@1&Dequipell[i][j1][j2][k][(n+1)]=@2):1399 states - 853ms
                  (((((Dequipell[i][j1][j2][k][n]=@-3&Dequipell[i][j1][j2][k][(n+1)]=@-2)|(Dequipell[i][j1][j2][k][n]=@-2&Dequipell[i][j1][j2][k][(n+1)]=@-1))|(Dequipell[i][j1][j2][k][n]=@-1&Dequipell[i][j1][j2][k][(n+1)]=@0))|(Dequipell[i][j1][j2][k][n]=@0&Dequipell[i][j1][j2][k][(n+1)]=@1))|(Dequipell[i][j1][j2][k][n]=@1&Dequipell[i][j1][j2][k][(n+1)]=@2)):1616 states - 3571ms
                   Dequipell[i][j1][j2][k][n]=@2:5000 states - 1838ms
                    Dequipell[i][j1][j2][k][(n+1)]=@3:1705 states - 2100ms
                     (Dequipell[i][j1][j2][k][n]=@2&Dequipell[i][j1][j2][k][(n+1)]=@3):686 states - 280ms
                      ((((((Dequipell[i][j1][j2][k][n]=@-3&Dequipell[i][j1][j2][k][(n+1)]=@-2)|(Dequipell[i][j1][j2][k][n]=@-2&Dequipell[i][j1][j2][k][(n+1)]=@-1))|(Dequipell[i][j1][j2][k][n]=@-1&Dequipell[i][j1][j2][k][(n+1)]=@0))|(Dequipell[i][j1][j2][k][n]=@0&Dequipell[i][j1][j2][k][(n+1)]=@1))|(Dequipell[i][j1][j2][k][n]=@1&Dequipell[i][j1][j2][k][(n+1)]=@2))|(Dequipell[i][j1][j2][k][n]=@2&Dequipell[i][j1][j2][k][(n+1)]=@3)):971 states - 2627ms
Total computation time: 112954ms.
def decrease "?msd_pell (Dequipell[i][j1][j2][k][n]=@-2 & Dequipell[i][j1][j2][k][n+1]=@-3) | (Dequipell[i][j1][j2][k][n]=@-1 & Dequipell[i][j1][j2][k][n+1]=@-2) | (Dequipell[i][j1][j2][k][n]=@0 & Dequipell[i][j1][j2][k][n+1]=@-1) | (Dequipell[i][j1][j2][k][n]=@1 & Dequipell[i][j1][j2][k][n+1]=@0) | (Dequipell[i][j1][j2][k][n]=@2 & Dequipell[i][j1][j2][k][n+1]=@1) | (Dequipell[i][j1][j2][k][n]=@3 & Dequipell[i][j1][j2][k][n+1]=@2)":
Dequipell[i][j1][j2][k][n]=@-2:5000 states - 1769ms
 Dequipell[i][j1][j2][k][(n+1)]=@-3:1705 states - 2010ms
  (Dequipell[i][j1][j2][k][n]=@-2&Dequipell[i][j1][j2][k][(n+1)]=@-3):686 states - 499ms
   Dequipell[i][j1][j2][k][n]=@-1:11469 states - 3507ms
    Dequipell[i][j1][j2][k][(n+1)]=@-2:5268 states - 3331ms
     (Dequipell[i][j1][j2][k][n]=@-1&Dequipell[i][j1][j2][k][(n+1)]=@-2):1399 states - 976ms
      ((Dequipell[i][j1][j2][k][n]=@-2&Dequipell[i][j1][j2][k][(n+1)]=@-3)|(Dequipell[i][j1][j2][k][n]=@-1&Dequipell[i][j1][j2][k][(n+1)]=@-2)):1252 states - 2133ms
       Dequipell[i][j1][j2][k][n]=@0:15808 states - 12916ms
        Dequipell[i][j1][j2][k][(n+1)]=@-1:12144 states - 7629ms
         (Dequipell[i][j1][j2][k][n]=@0&Dequipell[i][j1][j2][k][(n+1)]=@-1):2764 states - 4671ms
          (((Dequipell[i][j1][j2][k][n]=@-2&Dequipell[i][j1][j2][k][(n+1)]=@-3)|(Dequipell[i][j1][j2][k][n]=@-1&Dequipell[i][j1][j2][k][(n+1)]=@-2))|(Dequipell[i][j1][j2][k][n]=@0&Dequipell[i][j1][j2][k][(n+1)]=@-1)):2419 states - 4260ms
           Dequipell[i][j1][j2][k][n]=@1:11469 states - 3417ms
            Dequipell[i][j1][j2][k][(n+1)]=@0:16523 states - 37953ms
             (Dequipell[i][j1][j2][k][n]=@1&Dequipell[i][j1][j2][k][(n+1)]=@0):2941 states - 5585ms
              ((((Dequipell[i][j1][j2][k][n]=@-2&Dequipell[i][j1][j2][k][(n+1)]=@-3)|(Dequipell[i][j1][j2][k][n]=@-1&Dequipell[i][j1][j2][k][(n+1)]=@-2))|(Dequipell[i][j1][j2][k][n]=@0&Dequipell[i][j1][j2][k][(n+1)]=@-1))|(Dequipell[i][j1][j2][k][n]=@1&Dequipell[i][j1][j2][k][(n+1)]=@0)):2169 states - 6307ms
               Dequipell[i][j1][j2][k][n]=@2:5000 states - 2149ms
                Dequipell[i][j1][j2][k][(n+1)]=@1:12144 states - 7476ms
                 (Dequipell[i][j1][j2][k][n]=@2&Dequipell[i][j1][j2][k][(n+1)]=@1):1630 states - 882ms
                  (((((Dequipell[i][j1][j2][k][n]=@-2&Dequipell[i][j1][j2][k][(n+1)]=@-3)|(Dequipell[i][j1][j2][k][n]=@-1&Dequipell[i][j1][j2][k][(n+1)]=@-2))|(Dequipell[i][j1][j2][k][n]=@0&Dequipell[i][j1][j2][k][(n+1)]=@-1))|(Dequipell[i][j1][j2][k][n]=@1&Dequipell[i][j1][j2][k][(n+1)]=@0))|(Dequipell[i][j1][j2][k][n]=@2&Dequipell[i][j1][j2][k][(n+1)]=@1)):1546 states - 3506ms
                   Dequipell[i][j1][j2][k][n]=@3:1582 states - 1498ms
                    Dequipell[i][j1][j2][k][(n+1)]=@2:5268 states - 3264ms
                     (Dequipell[i][j1][j2][k][n]=@3&Dequipell[i][j1][j2][k][(n+1)]=@2):648 states - 215ms
                      ((((((Dequipell[i][j1][j2][k][n]=@-2&Dequipell[i][j1][j2][k][(n+1)]=@-3)|(Dequipell[i][j1][j2][k][n]=@-1&Dequipell[i][j1][j2][k][(n+1)]=@-2))|(Dequipell[i][j1][j2][k][n]=@0&Dequipell[i][j1][j2][k][(n+1)]=@-1))|(Dequipell[i][j1][j2][k][n]=@1&Dequipell[i][j1][j2][k][(n+1)]=@0))|(Dequipell[i][j1][j2][k][n]=@2&Dequipell[i][j1][j2][k][(n+1)]=@1))|(Dequipell[i][j1][j2][k][n]=@3&Dequipell[i][j1][j2][k][(n+1)]=@2)):971 states - 2123ms
Total computation time: 118083ms.
def constant "?msd_pell (Dequipell[i][j1][j2][k][n]=@-3 & Dequipell[i][j1][j2][k][n+1]=@-3) | (Dequipell[i][j1][j2][k][n]=@-2 & Dequipell[i][j1][j2][k][n+1]=@-2) | (Dequipell[i][j1][j2][k][n]=@-1 & Dequipell[i][j1][j2][k][n+1]=@-1) | (Dequipell[i][j1][j2][k][n]=@0 & Dequipell[i][j1][j2][k][n+1]=@0) | (Dequipell[i][j1][j2][k][n]=@1 & Dequipell[i][j1][j2][k][n+1]=@1) | (Dequipell[i][j1][j2][k][n]=@2 & Dequipell[i][j1][j2][k][n+1]=@2) | (Dequipell[i][j1][j2][k][n]=@3 & Dequipell[i][j1][j2][k][n+1]=@3)":
Dequipell[i][j1][j2][k][n]=@-3:1582 states - 1730ms
 Dequipell[i][j1][j2][k][(n+1)]=@-3:1705 states - 1983ms
  (Dequipell[i][j1][j2][k][n]=@-3&Dequipell[i][j1][j2][k][(n+1)]=@-3):1582 states - 171ms
   Dequipell[i][j1][j2][k][n]=@-2:5000 states - 1953ms
    Dequipell[i][j1][j2][k][(n+1)]=@-2:5268 states - 3296ms
     (Dequipell[i][j1][j2][k][n]=@-2&Dequipell[i][j1][j2][k][(n+1)]=@-2):5000 states - 896ms
      ((Dequipell[i][j1][j2][k][n]=@-3&Dequipell[i][j1][j2][k][(n+1)]=@-3)|(Dequipell[i][j1][j2][k][n]=@-2&Dequipell[i][j1][j2][k][(n+1)]=@-2)):4842 states - 7335ms
       Dequipell[i][j1][j2][k][n]=@-1:11469 states - 3383ms
        Dequipell[i][j1][j2][k][(n+1)]=@-1:12144 states - 7719ms
         (Dequipell[i][j1][j2][k][n]=@-1&Dequipell[i][j1][j2][k][(n+1)]=@-1):11469 states - 2888ms
          (((Dequipell[i][j1][j2][k][n]=@-3&Dequipell[i][j1][j2][k][(n+1)]=@-3)|(Dequipell[i][j1][j2][k][n]=@-2&Dequipell[i][j1][j2][k][(n+1)]=@-2))|(Dequipell[i][j1][j2][k][n]=@-1&Dequipell[i][j1][j2][k][(n+1)]=@-1)):10503 states - 19399ms
           Dequipell[i][j1][j2][k][n]=@0:15808 states - 13296ms
            Dequipell[i][j1][j2][k][(n+1)]=@0:16523 states - 29077ms
             (Dequipell[i][j1][j2][k][n]=@0&Dequipell[i][j1][j2][k][(n+1)]=@0):15867 states - 16427ms
              ((((Dequipell[i][j1][j2][k][n]=@-3&Dequipell[i][j1][j2][k][(n+1)]=@-3)|(Dequipell[i][j1][j2][k][n]=@-2&Dequipell[i][j1][j2][k][(n+1)]=@-2))|(Dequipell[i][j1][j2][k][n]=@-1&Dequipell[i][j1][j2][k][(n+1)]=@-1))|(Dequipell[i][j1][j2][k][n]=@0&Dequipell[i][j1][j2][k][(n+1)]=@0)):12748 states - 35865ms
               Dequipell[i][j1][j2][k][n]=@1:11469 states - 3187ms
                Dequipell[i][j1][j2][k][(n+1)]=@1:12144 states - 8295ms
                 (Dequipell[i][j1][j2][k][n]=@1&Dequipell[i][j1][j2][k][(n+1)]=@1):11469 states - 2906ms
                  (((((Dequipell[i][j1][j2][k][n]=@-3&Dequipell[i][j1][j2][k][(n+1)]=@-3)|(Dequipell[i][j1][j2][k][n]=@-2&Dequipell[i][j1][j2][k][(n+1)]=@-2))|(Dequipell[i][j1][j2][k][n]=@-1&Dequipell[i][j1][j2][k][(n+1)]=@-1))|(Dequipell[i][j1][j2][k][n]=@0&Dequipell[i][j1][j2][k][(n+1)]=@0))|(Dequipell[i][j1][j2][k][n]=@1&Dequipell[i][j1][j2][k][(n+1)]=@1)):7728 states - 24766ms
                   Dequipell[i][j1][j2][k][n]=@2:5000 states - 2022ms
                    Dequipell[i][j1][j2][k][(n+1)]=@2:5268 states - 3153ms
                     (Dequipell[i][j1][j2][k][n]=@2&Dequipell[i][j1][j2][k][(n+1)]=@2):5000 states - 917ms
                      ((((((Dequipell[i][j1][j2][k][n]=@-3&Dequipell[i][j1][j2][k][(n+1)]=@-3)|(Dequipell[i][j1][j2][k][n]=@-2&Dequipell[i][j1][j2][k][(n+1)]=@-2))|(Dequipell[i][j1][j2][k][n]=@-1&Dequipell[i][j1][j2][k][(n+1)]=@-1))|(Dequipell[i][j1][j2][k][n]=@0&Dequipell[i][j1][j2][k][(n+1)]=@0))|(Dequipell[i][j1][j2][k][n]=@1&Dequipell[i][j1][j2][k][(n+1)]=@1))|(Dequipell[i][j1][j2][k][n]=@2&Dequipell[i][j1][j2][k][(n+1)]=@2)):4258 states - 11550ms
                       Dequipell[i][j1][j2][k][n]=@3:1582 states - 1413ms
                        Dequipell[i][j1][j2][k][(n+1)]=@3:1705 states - 1702ms
                         (Dequipell[i][j1][j2][k][n]=@3&Dequipell[i][j1][j2][k][(n+1)]=@3):1582 states - 178ms
                          (((((((Dequipell[i][j1][j2][k][n]=@-3&Dequipell[i][j1][j2][k][(n+1)]=@-3)|(Dequipell[i][j1][j2][k][n]=@-2&Dequipell[i][j1][j2][k][(n+1)]=@-2))|(Dequipell[i][j1][j2][k][n]=@-1&Dequipell[i][j1][j2][k][(n+1)]=@-1))|(Dequipell[i][j1][j2][k][n]=@0&Dequipell[i][j1][j2][k][(n+1)]=@0))|(Dequipell[i][j1][j2][k][n]=@1&Dequipell[i][j1][j2][k][(n+1)]=@1))|(Dequipell[i][j1][j2][k][n]=@2&Dequipell[i][j1][j2][k][(n+1)]=@2))|(Dequipell[i][j1][j2][k][n]=@3&Dequipell[i][j1][j2][k][(n+1)]=@3)):2045 states - 5598ms
Total computation time: 211111ms.
eval nxt "?msd_pell Ai,j1,j2,k,n $constant(i,j1,j2,k,n) | $increase(i,j1,j2,k,n) | $decrease(i,j1,j2,k,n)":
(constant(i,j1,j2,k,n))|increase(i,j1,j2,k,n))):1155 states - 3026ms
 ((constant(i,j1,j2,k,n))|increase(i,j1,j2,k,n)))|decrease(i,j1,j2,k,n))):32 states - 1421ms
  (A i , j1 , j2 , k , n ((constant(i,j1,j2,k,n))|increase(i,j1,j2,k,n)))|decrease(i,j1,j2,k,n)))):1 states - 25ms
Total computation time: 4814ms.
____
TRUE
eval nxtXX "?msd_pell Ai,j1,j2,k,n ($feq_pell(i,j1+n+1,k) <=> $feq_pell(i,j2+n+1,k))  <=> $constant(i,j1,j2,k,n)":
(feq_pell(i,((j1+n)+1),k))<=>feq_pell(i,((j2+n)+1),k))):2045 states - 2072ms
 ((feq_pell(i,((j1+n)+1),k))<=>feq_pell(i,((j2+n)+1),k)))<=>constant(i,j1,j2,k,n))):32 states - 2328ms
  (A i , j1 , j2 , k , n ((feq_pell(i,((j1+n)+1),k))<=>feq_pell(i,((j2+n)+1),k)))<=>constant(i,j1,j2,k,n)))):1 states - 21ms
Total computation time: 4607ms.
____
TRUE
eval nxtTF "?msd_pell Ai,j1,j2,k,n ($feq_pell(i,j1+n+1,k) & ~$feq_pell(i,j2+n+1,k)) <=> $increase(i,j1,j2,k,n)":
~feq_pell(i,((j2+n)+1),k)):203 states - 32ms
 (feq_pell(i,((j1+n)+1),k))&~feq_pell(i,((j2+n)+1),k))):971 states - 95ms
  ((feq_pell(i,((j1+n)+1),k))&~feq_pell(i,((j2+n)+1),k)))<=>increase(i,j1,j2,k,n))):32 states - 1104ms
   (A i , j1 , j2 , k , n ((feq_pell(i,((j1+n)+1),k))&~feq_pell(i,((j2+n)+1),k)))<=>increase(i,j1,j2,k,n)))):1 states - 20ms
Total computation time: 1333ms.
____
TRUE
eval nxtFT "?msd_pell Ai,j1,j2,k,n (~$feq_pell(i,j1+n+1,k) & $feq_pell(i,j2+n+1,k)) <=> $decrease(i,j1,j2,k,n)":
~feq_pell(i,((j1+n)+1),k)):203 states - 32ms
 (~feq_pell(i,((j1+n)+1),k))&feq_pell(i,((j2+n)+1),k))):971 states - 96ms
  ((~feq_pell(i,((j1+n)+1),k))&feq_pell(i,((j2+n)+1),k)))<=>decrease(i,j1,j2,k,n))):32 states - 1075ms
   (A i , j1 , j2 , k , n ((~feq_pell(i,((j1+n)+1),k))&feq_pell(i,((j2+n)+1),k)))<=>decrease(i,j1,j2,k,n)))):1 states - 21ms
Total computation time: 1302ms.
____
TRUE

[Walnut]$ 