* Chargement de occ_tri
labelmap size: 64
>>> 0.188s

Comptage de s
6594 states, 106195 transitions
proj_map size: 32
>>> 0.063s

Réduction de s1
[starting left_reduce with 96 threads]
.........11/100/2985.........21/200/5952.........32/300/6140.........42/400/5807.........3/500/6018.........54/600/6146.........58/700/6117.........72/800/6119.........81/900/5813.........82/1000/6123.........95/1100/5881.........97/1200/5833.........115/1300/6118.........125/1400/5949.........146/1500/6142.........139/1600/5775.........168/1700/6102.........191/1800/6119.........202/1900/6083.........29/2000/6095.........240/2100/5910.........271/2200/6080.........291/2300/6146.........343/2400/6130.........387/2500/6002.........423/2600/6081.........455/2700/6133.........496/2800/5934.........558/2900/6135.........587/3000/5811.........639/3100/5926.........711/3200/5726.........823/3300/5894.........1010/3400/6138.........1368/3500/5851.........1364/3600/6111.........1640/3700/5908.........1869/3800/6083.........2108/3900/6135.........2320/4000/6117.........2538/4100/6079.........3143/4200/6022.........3763/4300/5933.........4247/4400/3940....4446
[starting left_reduce with 96 threads]
.........4/100/38.........8/200/389.........18/300/466.........24/400/834.........29/500/897.........40/600/619.........64/700/6073.........94/800/5716.........117/900/6050.........143/1000/6095.........176/1100/6114.........197/1200/6138.........227/1300/6095.........257/1400/5805.........324/1500/6126.........437/1600/6114.........734/1700/6011.........874/1800/5191.........907/1900/6129.........992/2000/6043.........1069/2100/6133.........1189/2200/6073.........1536/2300/6142.........1780/2400/6126.........1824/2500/6082.........2213/2600/6114.........2480/2700/6081.........2658/2800/4519.........2791/2900/3391.........2863/3000/4409.........2879/3100/4653.........2962/3200/5699.........2999/3300/6034.........3056/3400/6039.........3182/3500/6071.........3259/3600/5842.........3337/3700/5978.........3776/3800/5897.........3775/3900/4015.....3951
3951 states, 287889 transitions
>>> 2:16:19

Remap de s1 en s2
3951 states, 287889 transitions
>>> 0.335s

Somme s=s1+s2
7902 states, 575778 transitions
>>> 0.531s

Réduction de s
[starting left_reduce with 96 threads]
.........8/100/3056.........16/200/6120.........20/300/5985.........27/400/5768.........31/500/6076.........33/600/6080.........39/700/5950.........45/800/6044.........50/900/6044.........54/1000/5314.........69/1100/6144.........85/1200/6128.........93/1300/6137.........98/1400/5913.........119/1500/5389.........129/1600/6078.........135/1700/5932.........146/1800/6137.........153/1900/6128.........164/2000/6032.........177/2100/6112.........191/2200/6140.........201/2300/6068.........210/2400/6060.........207/2500/6146.........222/2600/6053.........232/2700/6114.........238/2800/6142.........255/2900/6093.........269/3000/5642.........283/3100/6080.........319/3200/5816.........374/3300/5495.........422/3400/6018.........455/3500/6127.........685/3600/5945.........725/3700/6030.........554/3800/6089.........570/3900/6089.........606/4000/6146.........634/4100/6011.........680/4200/5974.........708/4300/6008.........731/4400/6011.........794/4500/5939.........837/4600/6009.........864/4700/6128.........948/4800/5972.........1012/4900/6118.........1107/5000/6070.........1223/5100/6033.........1296/5200/6058.........1388/5300/6082.........1520/5400/5965.........1574/5500/6074.........1870/5600/5982.........1974/5700/6000.........2012/5800/6034.........2473/5900/6003.........2486/6000/6102.........2860/6100/6036.........2802/6200/6121.........3198/6300/5900.........3450/6400/6126.........3721/6500/6003.........4011/6600/6064.........4262/6700/6112.........4720/6800/6084.........5737/6900/5768.........6045/7000/6062.........7026/7100/3472.........7200
[starting left_reduce with 96 threads]
.........6/100/653.........3/200/6033.........10/300/6111.........38/400/6096.........57/500/5820.........67/600/6093.........92/700/5944.........106/800/5985.........114/900/6014.........124/1000/6125.........139/1100/6111.........147/1200/6132.........158/1300/5993.........173/1400/5610.........181/1500/5285.........198/1600/6144.........204/1700/6117.........0/1800/6142.........49/1900/6107.........255/2000/5951.........122/2100/6106.........306/2200/6107.........328/2300/5792.........370/2400/5340.........433/2500/5525.........507/2600/6082.........580/2700/6119.........645/2800/6139.........540/2900/6059.........791/3000/5616.........845/3100/6122.........902/3200/6145.........950/3300/6138.........1021/3400/5946.........1029/3500/6087.........1262/3600/6047.........1594/3700/5896.........2165/3800/5588.........2725/3900/5913.........2748/4000/6097.........2966/4100/6123.........3310/4200/4979.........3896/4300/6141.........4233/4400/5323.........4267/4500/6053.........4313/4600/6080.........4475/4700/6132.........4574/4800/5896.........4676/4900/6123.........4725/5000/5961.........4762/5100/5543.........4798/5200/5604.........4833/5300/4681.........4894/5400/6143.........4960/5500/6117.........4986/5600/6055.........5033/5700/5697.........5116/5800/5806.........5237/5900/5929.........5300/6000/6062.........5388/6100/6142.........5490/6200/6073.........5579/6300/6139.........5813/6400/6116.........6093/6500/5566.........6325/6600/5833.........6244/6700/6143.........6483/6800/5501.......6876
6876 states, 3675639 transitions
>>> 11:47:56

Exploration t
920930 states, 21574593 transitions
>>> 1:04:53

Complétion de t
920931 states, 29469792 transitions
>>> 18.334s

Écriture de la sortie
>>> 34:21

